============================= test session starts ==============================
platform linux -- Python 3.10.4, pytest-8.0.0, pluggy-1.4.0
============================= test session starts ==============================
platform linux -- Python 3.10.4, pytest-8.0.0, pluggy-1.4.0
============================= test session starts ==============================
platform linux -- Python 3.10.4, pytest-8.0.0, pluggy-1.4.0
rootdir: /gpfsdswork/projects/rech/nih/uow47az/Projects/plinalg
rootdir: /gpfsdswork/projects/rech/nih/uow47az/Projects/plinalg
rootdir: /gpfsdswork/projects/rech/nih/uow47az/Projects/plinalg
============================= test session starts ==============================
platform linux -- Python 3.10.4, pytest-8.0.0, pluggy-1.4.0
============================= test session starts ==============================
============================= test session starts ==============================
platform linux -- Python 3.10.4, pytest-8.0.0, pluggy-1.4.0
============================= test session starts ==============================
platform linux -- Python 3.10.4, pytest-8.0.0, pluggy-1.4.0
rootdir: /gpfsdswork/projects/rech/nih/uow47az/Projects/plinalg
platform linux -- Python 3.10.4, pytest-8.0.0, pluggy-1.4.0
rootdir: /gpfsdswork/projects/rech/nih/uow47az/Projects/plinalg
rootdir: /gpfsdswork/projects/rech/nih/uow47az/Projects/plinalg
============================= test session starts ==============================
platform linux -- Python 3.10.4, pytest-8.0.0, pluggy-1.4.0
rootdir: /gpfsdswork/projects/rech/nih/uow47az/Projects/plinalg
rootdir: /gpfsdswork/projects/rech/nih/uow47az/Projects/plinalg
collected 0 items / 1 error
collected 0 items / 1 error

==================================== ERRORS ====================================

_________________ ERROR collecting tests/test_spmd_lowering.py _________________
tests/test_spmd_lowering.py:16: in <module>
==================================== ERRORS ====================================
    jax.distributed.initialize()
venv/lib/python3.10/site-packages/jax/_src/distributed.py:174: in initialize
_________________ ERROR collecting tests/test_spmd_lowering.py _________________
    raise RuntimeError("jax.distributed.initialize() must be called before "
E   RuntimeError: jax.distributed.initialize() must be called before any JAX computations are executed.
tests/test_spmd_lowering.py:16: in <module>
    jax.distributed.initialize()
venv/lib/python3.10/site-packages/jax/_src/distributed.py:174: in initialize
    raise RuntimeError("jax.distributed.initialize() must be called before "
E   RuntimeError: jax.distributed.initialize() must be called before any JAX computations are executed.
=========================== short test summary info ============================
ERROR tests/test_spmd_lowering.py - RuntimeError: jax.distributed.initialize(...
=========================== short test summary info ============================
ERROR tests/test_spmd_lowering.py - RuntimeError: jax.distributed.initialize(...
=============================== 1 error in 9.00s ===============================
=============================== 1 error in 9.00s ===============================
collected 0 items / 1 error

==================================== ERRORS ====================================
_________________ ERROR collecting tests/test_spmd_lowering.py _________________
tests/test_spmd_lowering.py:16: in <module>
    jax.distributed.initialize()
venv/lib/python3.10/site-packages/jax/_src/distributed.py:174: in initialize
    raise RuntimeError("jax.distributed.initialize() must be called before "
E   RuntimeError: jax.distributed.initialize() must be called before any JAX computations are executed.
=========================== short test summary info ============================
ERROR tests/test_spmd_lowering.py - RuntimeError: jax.distributed.initialize(...
=============================== 1 error in 9.02s ===============================
collected 0 items / 1 error

==================================== ERRORS ====================================
_________________ ERROR collecting tests/test_spmd_lowering.py _________________
tests/test_spmd_lowering.py:16: in <module>
    jax.distributed.initialize()
venv/lib/python3.10/site-packages/jax/_src/distributed.py:174: in initialize
    raise RuntimeError("jax.distributed.initialize() must be called before "
E   RuntimeError: jax.distributed.initialize() must be called before any JAX computations are executed.
=========================== short test summary info ============================
ERROR tests/test_spmd_lowering.py - RuntimeError: jax.distributed.initialize(...
=============================== 1 error in 9.05s ===============================
collected 0 items / 1 error

==================================== ERRORS ====================================
_________________ ERROR collecting tests/test_spmd_lowering.py _________________
tests/test_spmd_lowering.py:16: in <module>
    jax.distributed.initialize()
venv/lib/python3.10/site-packages/jax/_src/distributed.py:174: in initialize
    raise RuntimeError("jax.distributed.initialize() must be called before "
E   RuntimeError: jax.distributed.initialize() must be called before any JAX computations are executed.
=========================== short test summary info ============================
ERROR tests/test_spmd_lowering.py - RuntimeError: jax.distributed.initialize(...
=============================== 1 error in 9.49s ===============================
collected 0 items / 1 error

==================================== ERRORS ====================================
_________________ ERROR collecting tests/test_spmd_lowering.py _________________
tests/test_spmd_lowering.py:16: in <module>
    jax.distributed.initialize()
venv/lib/python3.10/site-packages/jax/_src/distributed.py:174: in initialize
    raise RuntimeError("jax.distributed.initialize() must be called before "
E   RuntimeError: jax.distributed.initialize() must be called before any JAX computations are executed.
=========================== short test summary info ============================
ERROR tests/test_spmd_lowering.py - RuntimeError: jax.distributed.initialize(...
=============================== 1 error in 9.51s ===============================
collected 0 items / 1 error

==================================== ERRORS ====================================
_________________ ERROR collecting tests/test_spmd_lowering.py _________________
tests/test_spmd_lowering.py:16: in <module>
    jax.distributed.initialize()
venv/lib/python3.10/site-packages/jax/_src/distributed.py:174: in initialize
    raise RuntimeError("jax.distributed.initialize() must be called before "
E   RuntimeError: jax.distributed.initialize() must be called before any JAX computations are executed.
=========================== short test summary info ============================
ERROR tests/test_spmd_lowering.py - RuntimeError: jax.distributed.initialize(...
=============================== 1 error in 9.53s ===============================
collected 0 items / 1 error

==================================== ERRORS ====================================
_________________ ERROR collecting tests/test_spmd_lowering.py _________________
tests/test_spmd_lowering.py:16: in <module>
    jax.distributed.initialize()
venv/lib/python3.10/site-packages/jax/_src/distributed.py:174: in initialize
    raise RuntimeError("jax.distributed.initialize() must be called before "
E   RuntimeError: jax.distributed.initialize() must be called before any JAX computations are executed.
=========================== short test summary info ============================
ERROR tests/test_spmd_lowering.py - RuntimeError: jax.distributed.initialize(...
=============================== 1 error in 9.57s ===============================
